Build started 14/04/2024 1:16:35 SA.
     1>Project "D:\Study\LTNC\GameSDLCppDemo\GameSDLCppDemo.vcxproj" on node 2 (Build target(s)).
     1>ClCompile:
         D:\Visual\VC\bin\CL.exe /c /ZI /nologo /W3 /WX- /Od /Oy- /D WIN32 /D _DEBUG /D _CONSOLE /D _UNICODE /D UNICODE /Gm /EHsc /RTC1 /MDd /GS /fp:precise /Zc:wchar_t /Zc:forScope /Fo"Debug\\" /Fd"Debug\vc110.pdb" /Gd /TP /analyze- /errorReport:prompt BaseObject.cpp ExplosionObject.cpp PlayerPower.cpp
         PlayerPower.cpp
     1>d:\study\ltnc\gamesdlcppdemo\textobject.h(8): error C2504: 'BaseObject' : base class undefined
     1>d:\study\ltnc\gamesdlcppdemo\playerpower.cpp(20): warning C4018: '<' : signed/unsigned mismatch
         ExplosionObject.cpp
     1>d:\study\ltnc\gamesdlcppdemo\textobject.h(8): error C2504: 'BaseObject' : base class undefined
         BaseObject.cpp
     1>d:\study\ltnc\gamesdlcppdemo\textobject.h(8): error C2504: 'BaseObject' : base class undefined
         Generating Code...
     1>Done Building Project "D:\Study\LTNC\GameSDLCppDemo\GameSDLCppDemo.vcxproj" (Build target(s)) -- FAILED.

Build FAILED.

Time Elapsed 00:00:03.77
